# JRE version: Java(TM) SE Runtime Environment (8.0_40-b26) (build 1.8.0_40-b26)
# Java VM: Java HotSpot(TM) 64-Bit Server VM (25.40-b25 mixed mode windows-amd64 compressed oops)
Heap:
 PSYoungGen      total 28672K, used 4791K [0x00000000e0600000, 0x00000000e2600000, 0x0000000100000000)
  eden space 24576K, 2% used [0x00000000e0600000,0x00000000e06b2f50,0x00000000e1e00000)
  from space 4096K, 99% used [0x00000000e2200000,0x00000000e25fb058,0x00000000e2600000)
  to   space 4096K, 0% used [0x00000000e1e00000,0x00000000e1e00000,0x00000000e2200000)
 ParOldGen       total 65536K, used 2670K [0x00000000a1200000, 0x00000000a5200000, 0x00000000e0600000)
  object space 65536K, 4% used [0x00000000a1200000,0x00000000a149b838,0x00000000a5200000)
 Metaspace       used 14658K, capacity 15368K, committed 15616K, reserved 1062912K
  class space    used 1829K, capacity 2040K, committed 2048K, reserved 1048576K
GC Heap History (4 events):
Event: 1.718 GC heap before
{Heap before GC invocations=1 (full 0):
 PSYoungGen      total 28672K, used 24576K [0x00000000e0600000, 0x00000000e2600000, 0x0000000100000000)
  eden space 24576K, 100% used [0x00000000e0600000,0x00000000e1e00000,0x00000000e1e00000)
  from space 4096K, 0% used [0x00000000e2200000,0x00000000e2200000,0x00000000e2600000)
  to   space 4096K, 0% used [0x00000000e1e00000,0x00000000e1e00000,0x00000000e2200000)
 ParOldGen       total 65536K, used 0K [0x00000000a1200000, 0x00000000a5200000, 0x00000000e0600000)
  object space 65536K, 0% used [0x00000000a1200000,0x00000000a1200000,0x00000000a5200000)
 Metaspace       used 9876K, capacity 10100K, committed 10368K, reserved 1058816K
  class space    used 1179K, capacity 1290K, committed 1408K, reserved 1048576K
Event: 1.725 GC heap after
Heap after GC invocations=1 (full 0):
 PSYoungGen      total 28672K, used 4086K [0x00000000e0600000, 0x00000000e2600000, 0x0000000100000000)
  eden space 24576K, 0% used [0x00000000e0600000,0x00000000e0600000,0x00000000e1e00000)
  from space 4096K, 99% used [0x00000000e1e00000,0x00000000e21fda10,0x00000000e2200000)
  to   space 4096K, 0% used [0x00000000e2200000,0x00000000e2200000,0x00000000e2600000)
 ParOldGen       total 65536K, used 538K [0x00000000a1200000, 0x00000000a5200000, 0x00000000e0600000)
  object space 65536K, 0% used [0x00000000a1200000,0x00000000a1286b80,0x00000000a5200000)
 Metaspace       used 9876K, capacity 10100K, committed 10368K, reserved 1058816K
  class space    used 1179K, capacity 1290K, committed 1408K, reserved 1048576K
}
Event: 18.518 GC heap before
{Heap before GC invocations=2 (full 0):
 PSYoungGen      total 28672K, used 28662K [0x00000000e0600000, 0x00000000e2600000, 0x0000000100000000)
  eden space 24576K, 100% used [0x00000000e0600000,0x00000000e1e00000,0x00000000e1e00000)
  from space 4096K, 99% used [0x00000000e1e00000,0x00000000e21fda10,0x00000000e2200000)
  to   space 4096K, 0% used [0x00000000e2200000,0x00000000e2200000,0x00000000e2600000)
 ParOldGen       total 65536K, used 538K [0x00000000a1200000, 0x00000000a5200000, 0x00000000e0600000)
  object space 65536K, 0% used [0x00000000a1200000,0x00000000a1286b80,0x00000000a5200000)
 Metaspace       used 14580K, capacity 15268K, committed 15360K, reserved 1062912K
  class space    used 1826K, capacity 2008K, committed 2048K, reserved 1048576K
Event: 18.532 GC heap after
Heap after GC invocations=2 (full 0):
 PSYoungGen      total 28672K, used 4076K [0x00000000e0600000, 0x00000000e2600000, 0x0000000100000000)
  eden space 24576K, 0% used [0x00000000e0600000,0x00000000e0600000,0x00000000e1e00000)
  from space 4096K, 99% used [0x00000000e2200000,0x00000000e25fb058,0x00000000e2600000)
  to   space 4096K, 0% used [0x00000000e1e00000,0x00000000e1e00000,0x00000000e2200000)
 ParOldGen       total 65536K, used 2670K [0x00000000a1200000, 0x00000000a5200000, 0x00000000e0600000)
  object space 65536K, 4% used [0x00000000a1200000,0x00000000a149b838,0x00000000a5200000)
 Metaspace       used 14580K, capacity 15268K, committed 15360K, reserved 1062912K
  class space    used 1826K, capacity 2008K, committed 2048K, reserved 1048576K
}

